.android/Flutter/build/outputs/mapping/release/usage.txt
com.example.weathery.R$styleable:
    public static int ColorStateListItem_alpha
    public static int ColorStateListItem_android_alpha
    public static int ColorStateListItem_android_color
    public static int FontFamily_fontProviderAuthority
    public static int FontFamily_fontProviderCerts
    public static int FontFamily_fontProviderFetchStrategy
    public static int FontFamily_fontProviderFetchTimeout
    public static int FontFamily_fontProviderPackage
    public static int FontFamily_fontProviderQuery
    public static int FontFamilyFont_android_font
    public static int FontFamilyFont_android_fontStyle
    public static int FontFamilyFont_android_fontVariationSettings
    public static int FontFamilyFont_android_fontWeight
    public static int FontFamilyFont_android_ttcIndex
    public static int FontFamilyFont_font
    public static int FontFamilyFont_fontStyle
    public static int FontFamilyFont_fontVariationSettings
    public static int FontFamilyFont_fontWeight
    public static int FontFamilyFont_ttcIndex
    public static int GradientColor_android_centerColor
    public static int GradientColor_android_centerX
    public static int GradientColor_android_centerY
    public static int GradientColor_android_endColor
    public static int GradientColor_android_endX
    public static int GradientColor_android_endY
    public static int GradientColor_android_gradientRadius
    public static int GradientColor_android_startColor
com.example.weathery.R$id:
    public static int accessibility_action_clickable_span
    public static int accessibility_custom_action_0
    public static int accessibility_custom_action_1
    public static int accessibility_custom_action_10
    public static int accessibility_custom_action_11
    public static int accessibility_custom_action_12
    public static int accessibility_custom_action_13
    public static int accessibility_custom_action_14
    public static int accessibility_custom_action_15
    public static int accessibility_custom_action_16
    public static int accessibility_custom_action_17
    public static int accessibility_custom_action_18
    public static int accessibility_custom_action_19
    public static int accessibility_custom_action_2
    public static int accessibility_custom_action_20
    public static int accessibility_custom_action_21
    public static int accessibility_custom_action_22
    public static int accessibility_custom_action_23
    public static int accessibility_custom_action_24
    public static int accessibility_custom_action_25
    public static int accessibility_custom_action_26
    public static int accessibility_custom_action_27
    public static int accessibility_custom_action_28
    public static int accessibility_custom_action_29
    public static int accessibility_custom_action_3
    public static int accessibility_custom_action_30
    public static int accessibility_custom_action_31